<?xml version="1.0" encoding="UTF-8"?>
<!-- Generated by org.testng.reporters.JUnitReportReporter -->
<testsuite hostname="DESKTOP-MOK7TM7" failures="0" tests="1" name="pkg.Prameterization" time="1.300" errors="0" timestamp="2022-12-23T15:52:40 IST" skipped="0">
  <testcase classname="pkg.Prameterization" name="test1" time="1.300"/>
  <system-out/>
</testsuite> <!-- pkg.Prameterization -->
