<?xml version="1.0" encoding="UTF-8"?>
<!-- Generated by org.testng.reporters.JUnitReportReporter -->
<testsuite hostname="DESKTOP-MOK7TM7" failures="0" tests="1" name="pkg.COpypaste" time="1.573" errors="0" timestamp="2022-12-27T16:07:53 IST" skipped="0">
  <testcase classname="pkg.COpypaste" name="test1" time="1.573"/>
  <system-out/>
</testsuite> <!-- pkg.COpypaste -->
