<?xml version="1.0" encoding="UTF-8"?>
<!-- Generated by org.testng.reporters.JUnitReportReporter -->
<testsuite hostname="DESKTOP-MOK7TM7" failures="0" tests="1" name="pkg.Chromeversion" time="1.376" errors="0" timestamp="2023-02-14T10:30:47 IST" skipped="0">
  <testcase classname="pkg.Chromeversion" name="test1" time="1.376"/>
  <system-out/>
</testsuite> <!-- pkg.Chromeversion -->
