<?xml version="1.0" encoding="UTF-8"?>
<!-- Generated by org.testng.reporters.JUnitReportReporter -->
<testsuite hostname="DESKTOP-MOK7TM7" failures="0" tests="1" name="pkg.Mousehover" time="4.082" errors="0" timestamp="2022-12-28T16:35:50 IST" skipped="0">
  <testcase classname="pkg.Mousehover" name="test1" time="4.082"/>
  <system-out/>
</testsuite> <!-- pkg.Mousehover -->
