<?xml version="1.0" encoding="UTF-8"?>
<!-- Generated by org.testng.reporters.JUnitReportReporter -->
<testsuite hostname="DESKTOP-MOK7TM7" failures="0" tests="1" name="test.Fblogintest" time="0.253" errors="0" timestamp="2023-01-03T16:10:33 IST" skipped="0">
  <testcase classname="test.Fblogintest" name="test1" time="0.253"/>
  <system-out/>
</testsuite> <!-- test.Fblogintest -->
